/usr/lib/jvm/java-8-oracle
DANIAR
NOTE: SPARK_PREPEND_CLASSES is set, placing locally compiled Spark classes ahead of assembly.
Spark Command: /usr/lib/jvm/java-8-oracle/bin/java -cp /home/daniar/documents/SPARK/spark-1.6.1/conf/:/home/daniar/documents/SPARK/spark-1.6.1/core/target/scala-2.10/classes/:/home/daniar/documents/SPARK/spark-1.6.1/repl/target/scala-2.10/classes/:/home/daniar/documents/SPARK/spark-1.6.1/mllib/target/scala-2.10/classes/:/home/daniar/documents/SPARK/spark-1.6.1/bagel/target/scala-2.10/classes/:/home/daniar/documents/SPARK/spark-1.6.1/graphx/target/scala-2.10/classes/:/home/daniar/documents/SPARK/spark-1.6.1/streaming/target/scala-2.10/classes/:/home/daniar/documents/SPARK/spark-1.6.1/tools/target/scala-2.10/classes/:/home/daniar/documents/SPARK/spark-1.6.1/sql/catalyst/target/scala-2.10/classes/:/home/daniar/documents/SPARK/spark-1.6.1/sql/core/target/scala-2.10/classes/:/home/daniar/documents/SPARK/spark-1.6.1/sql/hive/target/scala-2.10/classes/:/home/daniar/documents/SPARK/spark-1.6.1/sql/hive-thriftserver/target/scala-2.10/classes:/home/daniar/documents/SPARK/spark-1.6.1/yarn/target/scala-2.10/classes/:/home/daniar/documents/SPARK/spark-1.6.1/launcher/target/scala-2.10/classes/:/home/daniar/documents/SPARK/spark-1.6.1/network/common/target/scala-2.10/classes/:/home/daniar/documents/SPARK/spark-1.6.1/network/shuffle/target/scala-2.10/classes/:/home/daniar/documents/SPARK/spark-1.6.1/network/yarn/target/scala-2.10/classes/:/home/daniar/documents/SPARK/spark-1.6.1/core/target/jars/*:/home/daniar/documents/SPARK/spark-1.6.1/assembly/target/scala-2.10/spark-assembly-1.6.1-hadoop2.7.2.jar:/home/daniar/documents/SPARK/spark-1.6.1/lib_managed/jars/datanucleus-core-3.2.10.jar:/home/daniar/documents/SPARK/spark-1.6.1/lib_managed/jars/datanucleus-api-jdo-3.2.6.jar:/home/daniar/documents/SPARK/spark-1.6.1/lib_managed/jars/datanucleus-rdbms-3.2.9.jar -Xms1g -Xmx1g org.apache.spark.deploy.worker.Worker --webui-port 8083 spark://daniar-X450JF:7077
========================================
Using Spark's default log4j profile: org/apache/spark/log4j-defaults.properties
16/06/29 01:36:38 INFO Worker: Registered signal handlers for [TERM, HUP, INT]
16/06/29 01:36:38 WARN Utils: Your hostname, daniar-X450JF resolves to a loopback address: 127.0.1.1; using 192.168.1.3 instead (on interface wlan0)
16/06/29 01:36:38 WARN Utils: Set SPARK_LOCAL_IP if you need to bind to another address
16/06/29 01:36:39 WARN NativeCodeLoader: Unable to load native-hadoop library for your platform... using builtin-java classes where applicable
16/06/29 01:36:39 INFO SecurityManager: Changing view acls to: daniar
16/06/29 01:36:39 INFO SecurityManager: Changing modify acls to: daniar
16/06/29 01:36:39 INFO SecurityManager: SecurityManager: authentication disabled; ui acls disabled; users with view permissions: Set(daniar); users with modify permissions: Set(daniar)
16/06/29 01:36:39 INFO Utils: Successfully started service 'sparkWorker' on port 56993.
16/06/29 01:36:39 INFO Worker: Starting Spark worker 192.168.1.3:56993 with 8 cores, 10.6 GB RAM
16/06/29 01:36:39 INFO Worker: Running Spark version 1.6.1
16/06/29 01:36:39 INFO Worker: Spark home: /home/daniar/documents/SPARK/spark-1.6.1
16/06/29 01:36:39 INFO Server: jetty-8.y.z-SNAPSHOT
16/06/29 01:36:39 INFO AbstractConnector: Started SelectChannelConnector@0.0.0.0:8083
16/06/29 01:36:39 INFO Utils: Successfully started service 'WorkerUI' on port 8083.
16/06/29 01:36:39 INFO WorkerWebUI: Started WorkerWebUI at http://192.168.1.3:8083
16/06/29 01:36:39 INFO Worker: Connecting to master daniar-X450JF:7077...
16/06/29 01:36:39 INFO Worker: Successfully registered with master spark://daniar-X450JF:7077
16/06/29 01:38:21 INFO Worker: daniar-X450JF:7077 Disassociated !
16/06/29 01:38:21 ERROR Worker: Connection to master failed! Waiting for master to reconnect...
16/06/29 01:38:21 INFO Worker: Connecting to master daniar-X450JF:7077...
16/06/29 01:38:21 INFO TransportClientFactory: Found inactive connection to daniar-X450JF/127.0.1.1:7077, creating a new one.
16/06/29 01:38:21 WARN Worker: Failed to connect to master daniar-X450JF:7077
java.io.IOException: Failed to connect to daniar-X450JF/127.0.1.1:7077
	at org.apache.spark.network.client.TransportClientFactory.createClient(TransportClientFactory.java:216)
	at org.apache.spark.network.client.TransportClientFactory.createClient(TransportClientFactory.java:167)
	at org.apache.spark.rpc.netty.NettyRpcEnv.createClient(NettyRpcEnv.scala:200)
	at org.apache.spark.rpc.netty.Outbox$$anon$1.call(Outbox.scala:187)
	at org.apache.spark.rpc.netty.Outbox$$anon$1.call(Outbox.scala:183)
	at java.util.concurrent.FutureTask.run(FutureTask.java:266)
	at java.util.concurrent.ThreadPoolExecutor.runWorker(ThreadPoolExecutor.java:1142)
	at java.util.concurrent.ThreadPoolExecutor$Worker.run(ThreadPoolExecutor.java:617)
	at java.lang.Thread.run(Thread.java:745)
Caused by: java.net.ConnectException: Connection refused: daniar-X450JF/127.0.1.1:7077
	at sun.nio.ch.SocketChannelImpl.checkConnect(Native Method)
	at sun.nio.ch.SocketChannelImpl.finishConnect(SocketChannelImpl.java:717)
	at io.netty.channel.socket.nio.NioSocketChannel.doFinishConnect(NioSocketChannel.java:224)
	at io.netty.channel.nio.AbstractNioChannel$AbstractNioUnsafe.finishConnect(AbstractNioChannel.java:289)
	at io.netty.channel.nio.NioEventLoop.processSelectedKey(NioEventLoop.java:528)
	at io.netty.channel.nio.NioEventLoop.processSelectedKeysOptimized(NioEventLoop.java:468)
	at io.netty.channel.nio.NioEventLoop.processSelectedKeys(NioEventLoop.java:382)
	at io.netty.channel.nio.NioEventLoop.run(NioEventLoop.java:354)
	at io.netty.util.concurrent.SingleThreadEventExecutor$2.run(SingleThreadEventExecutor.java:111)
	... 1 more
16/06/29 01:38:33 ERROR Worker: RECEIVED SIGNAL 15: SIGTERM
